  [1m[35m (111.3ms)[0m  [1m[35mCREATE DATABASE "final_project_backend_development" ENCODING = 'unicode'[0m
  [1m[35m (51.8ms)[0m  [1m[35mCREATE DATABASE "final_project_backend_test" ENCODING = 'unicode'[0m
  [1m[35m (17.3ms)[0m  [1m[35mCREATE TABLE "schema_migrations" ("version" character varying NOT NULL PRIMARY KEY)[0m
  [1m[35m (9.9ms)[0m  [1m[35mCREATE TABLE "ar_internal_metadata" ("key" character varying NOT NULL PRIMARY KEY, "value" character varying, "created_at" timestamp(6) NOT NULL, "updated_at" timestamp(6) NOT NULL)[0m
  [1m[35m (0.5ms)[0m  [1m[34mSELECT pg_try_advisory_lock(1161984572154005670)[0m
  [1m[35m (0.5ms)[0m  [1m[34mSELECT "schema_migrations"."version" FROM "schema_migrations" ORDER BY "schema_migrations"."version" ASC[0m
Migrating to CreateCharacters (20200727193859)
  [1m[35m (0.3ms)[0m  [1m[34mSELECT pg_advisory_unlock(1161984572154005670)[0m
  [1m[35m (0.1ms)[0m  [1m[34mSELECT pg_try_advisory_lock(1161984572154005670)[0m
  [1m[35m (0.3ms)[0m  [1m[34mSELECT "schema_migrations"."version" FROM "schema_migrations" ORDER BY "schema_migrations"."version" ASC[0m
Migrating to CreateCharacters (20200727193859)
  [1m[35m (0.1ms)[0m  [1m[35mBEGIN[0m
  [1m[35m (9.3ms)[0m  [1m[35mCREATE TABLE "characters" ("id" bigserial primary key, "name" character varying, "health" integer, "img_url" character varying, "created_at" timestamp(6) NOT NULL, "updated_at" timestamp(6) NOT NULL)[0m
  [1m[36mprimary::SchemaMigration Create (0.9ms)[0m  [1m[32mINSERT INTO "schema_migrations" ("version") VALUES ($1) RETURNING "version"[0m  [["version", "20200727193859"]]
  [1m[35m (0.3ms)[0m  [1m[35mCOMMIT[0m
Migrating to CreateInventories (20200727193912)
  [1m[35m (0.1ms)[0m  [1m[35mBEGIN[0m
  [1m[35m (4.1ms)[0m  [1m[35mCREATE TABLE "inventories" ("id" bigserial primary key, "character_id" integer, "item_id" integer, "advanced_item_id" integer, "created_at" timestamp(6) NOT NULL, "updated_at" timestamp(6) NOT NULL)[0m
  [1m[36mprimary::SchemaMigration Create (0.2ms)[0m  [1m[32mINSERT INTO "schema_migrations" ("version") VALUES ($1) RETURNING "version"[0m  [["version", "20200727193912"]]
  [1m[35m (0.2ms)[0m  [1m[35mCOMMIT[0m
Migrating to CreateItems (20200727193919)
  [1m[35m (0.3ms)[0m  [1m[35mBEGIN[0m
  [1m[35m (3.4ms)[0m  [1m[35mCREATE TABLE "items" ("id" bigserial primary key, "name" character varying, "img_url" character varying, "damage" integer, "recipe_id" integer, "created_at" timestamp(6) NOT NULL, "updated_at" timestamp(6) NOT NULL)[0m
  [1m[36mprimary::SchemaMigration Create (0.3ms)[0m  [1m[32mINSERT INTO "schema_migrations" ("version") VALUES ($1) RETURNING "version"[0m  [["version", "20200727193919"]]
  [1m[35m (0.2ms)[0m  [1m[35mCOMMIT[0m
Migrating to CreateRecipes (20200727193927)
  [1m[35m (0.2ms)[0m  [1m[35mBEGIN[0m
  [1m[35m (4.4ms)[0m  [1m[35mCREATE TABLE "recipes" ("id" bigserial primary key, "name" character varying, "advanced_item_id" integer, "created_at" timestamp(6) NOT NULL, "updated_at" timestamp(6) NOT NULL)[0m
  [1m[36mprimary::SchemaMigration Create (0.3ms)[0m  [1m[32mINSERT INTO "schema_migrations" ("version") VALUES ($1) RETURNING "version"[0m  [["version", "20200727193927"]]
  [1m[35m (0.3ms)[0m  [1m[35mCOMMIT[0m
Migrating to CreateAdvancedItems (20200727193951)
  [1m[35m (0.4ms)[0m  [1m[35mBEGIN[0m
  [1m[35m (2.8ms)[0m  [1m[35mCREATE TABLE "advanced_items" ("id" bigserial primary key, "name" character varying, "recipe_id" integer, "img_url" character varying, "created_at" timestamp(6) NOT NULL, "updated_at" timestamp(6) NOT NULL)[0m
  [1m[36mprimary::SchemaMigration Create (0.2ms)[0m  [1m[32mINSERT INTO "schema_migrations" ("version") VALUES ($1) RETURNING "version"[0m  [["version", "20200727193951"]]
  [1m[35m (0.2ms)[0m  [1m[35mCOMMIT[0m
  [1m[36mActiveRecord::InternalMetadata Load (3.3ms)[0m  [1m[34mSELECT "ar_internal_metadata".* FROM "ar_internal_metadata" WHERE "ar_internal_metadata"."key" = $1 LIMIT $2[0m  [["key", "environment"], ["LIMIT", 1]]
  [1m[35m (0.2ms)[0m  [1m[35mBEGIN[0m
  [1m[36mActiveRecord::InternalMetadata Create (0.9ms)[0m  [1m[32mINSERT INTO "ar_internal_metadata" ("key", "value", "created_at", "updated_at") VALUES ($1, $2, $3, $4) RETURNING "key"[0m  [["key", "environment"], ["value", "development"], ["created_at", "2020-07-27 19:58:36.601696"], ["updated_at", "2020-07-27 19:58:36.601696"]]
  [1m[35m (0.2ms)[0m  [1m[35mCOMMIT[0m
  [1m[35m (0.2ms)[0m  [1m[34mSELECT pg_advisory_unlock(1161984572154005670)[0m
  [1m[35m (0.7ms)[0m  [1m[34mSELECT "schema_migrations"."version" FROM "schema_migrations" ORDER BY "schema_migrations"."version" ASC[0m
  [1m[35m (0.5ms)[0m  [1m[34mSELECT "schema_migrations"."version" FROM "schema_migrations" ORDER BY "schema_migrations"."version" ASC[0m
  [1m[35m (0.1ms)[0m  [1m[34mSELECT "schema_migrations"."version" FROM "schema_migrations" ORDER BY "schema_migrations"."version" ASC[0m
  [1m[35m (0.1ms)[0m  [1m[34mSELECT "schema_migrations"."version" FROM "schema_migrations" ORDER BY "schema_migrations"."version" ASC[0m
  [1m[35m (0.1ms)[0m  [1m[34mSELECT pg_try_advisory_lock(1161984572154005670)[0m
  [1m[35m (0.1ms)[0m  [1m[34mSELECT "schema_migrations"."version" FROM "schema_migrations" ORDER BY "schema_migrations"."version" ASC[0m
Migrating to CreateAdvancedItems (20200727193951)
  [1m[35m (0.2ms)[0m  [1m[35mBEGIN[0m
  [1m[35m (7.4ms)[0m  [1m[35mDROP TABLE "advanced_items"[0m
  [1m[36mprimary::SchemaMigration Destroy (5.2ms)[0m  [1m[31mDELETE FROM "schema_migrations" WHERE "schema_migrations"."version" = $1[0m  [["version", "20200727193951"]]
  [1m[35m (1.0ms)[0m  [1m[35mCOMMIT[0m
Migrating to CreateRecipes (20200727193927)
  [1m[35m (0.1ms)[0m  [1m[35mBEGIN[0m
  [1m[35m (0.5ms)[0m  [1m[35mDROP TABLE "recipes"[0m
  [1m[36mprimary::SchemaMigration Destroy (0.4ms)[0m  [1m[31mDELETE FROM "schema_migrations" WHERE "schema_migrations"."version" = $1[0m  [["version", "20200727193927"]]
  [1m[35m (1.8ms)[0m  [1m[35mCOMMIT[0m
Migrating to CreateItems (20200727193919)
  [1m[35m (0.6ms)[0m  [1m[35mBEGIN[0m
  [1m[35m (0.8ms)[0m  [1m[35mDROP TABLE "items"[0m
  [1m[36mprimary::SchemaMigration Destroy (0.2ms)[0m  [1m[31mDELETE FROM "schema_migrations" WHERE "schema_migrations"."version" = $1[0m  [["version", "20200727193919"]]
  [1m[35m (1.1ms)[0m  [1m[35mCOMMIT[0m
Migrating to CreateInventories (20200727193912)
  [1m[35m (0.4ms)[0m  [1m[35mBEGIN[0m
  [1m[35m (0.5ms)[0m  [1m[35mDROP TABLE "inventories"[0m
  [1m[36mprimary::SchemaMigration Destroy (0.2ms)[0m  [1m[31mDELETE FROM "schema_migrations" WHERE "schema_migrations"."version" = $1[0m  [["version", "20200727193912"]]
  [1m[35m (0.7ms)[0m  [1m[35mCOMMIT[0m
Migrating to CreateCharacters (20200727193859)
  [1m[35m (0.1ms)[0m  [1m[35mBEGIN[0m
  [1m[35m (0.5ms)[0m  [1m[35mDROP TABLE "characters"[0m
  [1m[36mprimary::SchemaMigration Destroy (0.1ms)[0m  [1m[31mDELETE FROM "schema_migrations" WHERE "schema_migrations"."version" = $1[0m  [["version", "20200727193859"]]
  [1m[35m (2.5ms)[0m  [1m[35mCOMMIT[0m
  [1m[35m (0.2ms)[0m  [1m[34mSELECT pg_advisory_unlock(1161984572154005670)[0m
  [1m[35m (0.9ms)[0m  [1m[34mSELECT "schema_migrations"."version" FROM "schema_migrations" ORDER BY "schema_migrations"."version" ASC[0m
  [1m[35m (0.6ms)[0m  [1m[34mSELECT "schema_migrations"."version" FROM "schema_migrations" ORDER BY "schema_migrations"."version" ASC[0m
  [1m[35m (0.1ms)[0m  [1m[34mSELECT pg_try_advisory_lock(1161984572154005670)[0m
  [1m[35m (0.4ms)[0m  [1m[34mSELECT "schema_migrations"."version" FROM "schema_migrations" ORDER BY "schema_migrations"."version" ASC[0m
Migrating to CreateCharacters (20200727193859)
  [1m[35m (0.2ms)[0m  [1m[35mBEGIN[0m
  [1m[35m (5.2ms)[0m  [1m[35mCREATE TABLE "characters" ("id" bigserial primary key, "name" character varying, "health" integer, "img_url" character varying, "created_at" timestamp(6) NOT NULL, "updated_at" timestamp(6) NOT NULL)[0m
  [1m[36mprimary::SchemaMigration Create (0.3ms)[0m  [1m[32mINSERT INTO "schema_migrations" ("version") VALUES ($1) RETURNING "version"[0m  [["version", "20200727193859"]]
  [1m[35m (4.1ms)[0m  [1m[35mCOMMIT[0m
Migrating to CreateInventories (20200727193912)
  [1m[35m (0.1ms)[0m  [1m[35mBEGIN[0m
  [1m[35m (4.5ms)[0m  [1m[35mCREATE TABLE "inventories" ("id" bigserial primary key, "character_id" integer, "created_at" timestamp(6) NOT NULL, "updated_at" timestamp(6) NOT NULL)[0m
  [1m[36mprimary::SchemaMigration Create (0.2ms)[0m  [1m[32mINSERT INTO "schema_migrations" ("version") VALUES ($1) RETURNING "version"[0m  [["version", "20200727193912"]]
  [1m[35m (0.2ms)[0m  [1m[35mCOMMIT[0m
Migrating to CreateItems (20200727193919)
  [1m[35m (0.1ms)[0m  [1m[35mBEGIN[0m
  [1m[35m (5.1ms)[0m  [1m[35mCREATE TABLE "items" ("id" bigserial primary key, "name" character varying, "img_url" character varying, "damage" integer, "recipe_id" integer, "inventory_id" integer, "created_at" timestamp(6) NOT NULL, "updated_at" timestamp(6) NOT NULL)[0m
  [1m[36mprimary::SchemaMigration Create (0.4ms)[0m  [1m[32mINSERT INTO "schema_migrations" ("version") VALUES ($1) RETURNING "version"[0m  [["version", "20200727193919"]]
  [1m[35m (0.2ms)[0m  [1m[35mCOMMIT[0m
Migrating to CreateRecipes (20200727193927)
  [1m[35m (0.2ms)[0m  [1m[35mBEGIN[0m
  [1m[35m (2.3ms)[0m  [1m[35mCREATE TABLE "recipes" ("id" bigserial primary key, "name" character varying, "advanced_item_id" integer, "created_at" timestamp(6) NOT NULL, "updated_at" timestamp(6) NOT NULL)[0m
  [1m[36mprimary::SchemaMigration Create (0.3ms)[0m  [1m[32mINSERT INTO "schema_migrations" ("version") VALUES ($1) RETURNING "version"[0m  [["version", "20200727193927"]]
  [1m[35m (0.4ms)[0m  [1m[35mCOMMIT[0m
Migrating to CreateAdvancedItems (20200727193951)
  [1m[35m (0.3ms)[0m  [1m[35mBEGIN[0m
  [1m[35m (3.7ms)[0m  [1m[35mCREATE TABLE "advanced_items" ("id" bigserial primary key, "name" character varying, "recipe_id" integer, "img_url" character varying, "inventory_id" integer, "created_at" timestamp(6) NOT NULL, "updated_at" timestamp(6) NOT NULL)[0m
  [1m[36mprimary::SchemaMigration Create (0.3ms)[0m  [1m[32mINSERT INTO "schema_migrations" ("version") VALUES ($1) RETURNING "version"[0m  [["version", "20200727193951"]]
  [1m[35m (0.3ms)[0m  [1m[35mCOMMIT[0m
  [1m[36mActiveRecord::InternalMetadata Load (0.5ms)[0m  [1m[34mSELECT "ar_internal_metadata".* FROM "ar_internal_metadata" WHERE "ar_internal_metadata"."key" = $1 LIMIT $2[0m  [["key", "environment"], ["LIMIT", 1]]
  [1m[35m (0.4ms)[0m  [1m[34mSELECT pg_advisory_unlock(1161984572154005670)[0m
  [1m[35m (0.7ms)[0m  [1m[34mSELECT "schema_migrations"."version" FROM "schema_migrations" ORDER BY "schema_migrations"."version" ASC[0m
  [1m[35m (0.3ms)[0m  [1m[34mSELECT "schema_migrations"."version" FROM "schema_migrations" ORDER BY "schema_migrations"."version" ASC[0m
  [1m[35m (0.1ms)[0m  [1m[34mSELECT "schema_migrations"."version" FROM "schema_migrations" ORDER BY "schema_migrations"."version" ASC[0m
  [1m[35m (0.1ms)[0m  [1m[34mSELECT "schema_migrations"."version" FROM "schema_migrations" ORDER BY "schema_migrations"."version" ASC[0m
  [1m[35m (0.1ms)[0m  [1m[34mSELECT pg_try_advisory_lock(1161984572154005670)[0m
  [1m[35m (0.1ms)[0m  [1m[34mSELECT "schema_migrations"."version" FROM "schema_migrations" ORDER BY "schema_migrations"."version" ASC[0m
Migrating to CreateAdvancedItems (20200727193951)
  [1m[35m (0.1ms)[0m  [1m[35mBEGIN[0m
  [1m[35m (0.9ms)[0m  [1m[35mDROP TABLE "advanced_items"[0m
  [1m[36mprimary::SchemaMigration Destroy (0.2ms)[0m  [1m[31mDELETE FROM "schema_migrations" WHERE "schema_migrations"."version" = $1[0m  [["version", "20200727193951"]]
  [1m[35m (1.2ms)[0m  [1m[35mCOMMIT[0m
Migrating to CreateRecipes (20200727193927)
  [1m[35m (0.2ms)[0m  [1m[35mBEGIN[0m
  [1m[35m (1.1ms)[0m  [1m[35mDROP TABLE "recipes"[0m
  [1m[36mprimary::SchemaMigration Destroy (0.2ms)[0m  [1m[31mDELETE FROM "schema_migrations" WHERE "schema_migrations"."version" = $1[0m  [["version", "20200727193927"]]
  [1m[35m (0.8ms)[0m  [1m[35mCOMMIT[0m
Migrating to CreateItems (20200727193919)
  [1m[35m (0.1ms)[0m  [1m[35mBEGIN[0m
  [1m[35m (0.6ms)[0m  [1m[35mDROP TABLE "items"[0m
  [1m[36mprimary::SchemaMigration Destroy (0.3ms)[0m  [1m[31mDELETE FROM "schema_migrations" WHERE "schema_migrations"."version" = $1[0m  [["version", "20200727193919"]]
  [1m[35m (1.0ms)[0m  [1m[35mCOMMIT[0m
Migrating to CreateInventories (20200727193912)
  [1m[35m (0.1ms)[0m  [1m[35mBEGIN[0m
  [1m[35m (0.6ms)[0m  [1m[35mDROP TABLE "inventories"[0m
  [1m[36mprimary::SchemaMigration Destroy (0.3ms)[0m  [1m[31mDELETE FROM "schema_migrations" WHERE "schema_migrations"."version" = $1[0m  [["version", "20200727193912"]]
  [1m[35m (1.2ms)[0m  [1m[35mCOMMIT[0m
Migrating to CreateCharacters (20200727193859)
  [1m[35m (0.1ms)[0m  [1m[35mBEGIN[0m
  [1m[35m (0.5ms)[0m  [1m[35mDROP TABLE "characters"[0m
  [1m[36mprimary::SchemaMigration Destroy (0.2ms)[0m  [1m[31mDELETE FROM "schema_migrations" WHERE "schema_migrations"."version" = $1[0m  [["version", "20200727193859"]]
  [1m[35m (0.7ms)[0m  [1m[35mCOMMIT[0m
  [1m[35m (0.5ms)[0m  [1m[34mSELECT pg_advisory_unlock(1161984572154005670)[0m
  [1m[35m (0.4ms)[0m  [1m[34mSELECT "schema_migrations"."version" FROM "schema_migrations" ORDER BY "schema_migrations"."version" ASC[0m
  [1m[35m (0.1ms)[0m  [1m[34mSELECT pg_try_advisory_lock(1161984572154005670)[0m
  [1m[35m (0.3ms)[0m  [1m[34mSELECT "schema_migrations"."version" FROM "schema_migrations" ORDER BY "schema_migrations"."version" ASC[0m
Migrating to CreateCharacters (20200727193859)
  [1m[35m (0.2ms)[0m  [1m[35mBEGIN[0m
  [1m[35m (3.5ms)[0m  [1m[35mCREATE TABLE "characters" ("id" bigserial primary key, "name" character varying, "health" integer, "img_url" character varying, "created_at" timestamp(6) NOT NULL, "updated_at" timestamp(6) NOT NULL)[0m
  [1m[36mprimary::SchemaMigration Create (0.4ms)[0m  [1m[32mINSERT INTO "schema_migrations" ("version") VALUES ($1) RETURNING "version"[0m  [["version", "20200727193859"]]
  [1m[35m (0.5ms)[0m  [1m[35mCOMMIT[0m
Migrating to CreateInventories (20200727193912)
  [1m[35m (0.3ms)[0m  [1m[35mBEGIN[0m
  [1m[35m (1.7ms)[0m  [1m[35mCREATE TABLE "inventories" ("id" bigserial primary key, "character_id" integer, "created_at" timestamp(6) NOT NULL, "updated_at" timestamp(6) NOT NULL)[0m
  [1m[36mprimary::SchemaMigration Create (0.2ms)[0m  [1m[32mINSERT INTO "schema_migrations" ("version") VALUES ($1) RETURNING "version"[0m  [["version", "20200727193912"]]
  [1m[35m (0.3ms)[0m  [1m[35mCOMMIT[0m
Migrating to CreateItems (20200727193919)
  [1m[35m (0.3ms)[0m  [1m[35mBEGIN[0m
  [1m[35m (7.3ms)[0m  [1m[35mCREATE TABLE "items" ("id" bigserial primary key, "name" character varying, "img_url" character varying, "damage" integer, "recipe_id" integer, "inventory_id" integer, "created_at" timestamp(6) NOT NULL, "updated_at" timestamp(6) NOT NULL)[0m
  [1m[36mprimary::SchemaMigration Create (0.4ms)[0m  [1m[32mINSERT INTO "schema_migrations" ("version") VALUES ($1) RETURNING "version"[0m  [["version", "20200727193919"]]
  [1m[35m (0.5ms)[0m  [1m[35mCOMMIT[0m
Migrating to CreateRecipes (20200727193927)
  [1m[35m (0.4ms)[0m  [1m[35mBEGIN[0m
  [1m[35m (5.5ms)[0m  [1m[35mCREATE TABLE "recipes" ("id" bigserial primary key, "name" character varying, "advanced_item_id" integer, "created_at" timestamp(6) NOT NULL, "updated_at" timestamp(6) NOT NULL)[0m
  [1m[36mprimary::SchemaMigration Create (0.5ms)[0m  [1m[32mINSERT INTO "schema_migrations" ("version") VALUES ($1) RETURNING "version"[0m  [["version", "20200727193927"]]
  [1m[35m (0.4ms)[0m  [1m[35mCOMMIT[0m
Migrating to CreateAdvancedItems (20200727193951)
  [1m[35m (0.2ms)[0m  [1m[35mBEGIN[0m
  [1m[35m (3.6ms)[0m  [1m[35mCREATE TABLE "advanced_items" ("id" bigserial primary key, "name" character varying, "recipe_id" integer, "img_url" character varying, "inventory_id" integer, "created_at" timestamp(6) NOT NULL, "updated_at" timestamp(6) NOT NULL)[0m
  [1m[36mprimary::SchemaMigration Create (0.3ms)[0m  [1m[32mINSERT INTO "schema_migrations" ("version") VALUES ($1) RETURNING "version"[0m  [["version", "20200727193951"]]
  [1m[35m (0.4ms)[0m  [1m[35mCOMMIT[0m
  [1m[36mActiveRecord::InternalMetadata Load (0.4ms)[0m  [1m[34mSELECT "ar_internal_metadata".* FROM "ar_internal_metadata" WHERE "ar_internal_metadata"."key" = $1 LIMIT $2[0m  [["key", "environment"], ["LIMIT", 1]]
  [1m[35m (0.2ms)[0m  [1m[34mSELECT pg_advisory_unlock(1161984572154005670)[0m
  [1m[35m (0.9ms)[0m  [1m[34mSELECT "schema_migrations"."version" FROM "schema_migrations" ORDER BY "schema_migrations"."version" ASC[0m
  [1m[35m (0.4ms)[0m  [1m[34mSELECT "schema_migrations"."version" FROM "schema_migrations" ORDER BY "schema_migrations"."version" ASC[0m
  [1m[35m (0.5ms)[0m  [1m[34mSELECT "schema_migrations"."version" FROM "schema_migrations" ORDER BY "schema_migrations"."version" ASC[0m
  [1m[35m (0.3ms)[0m  [1m[34mSELECT "schema_migrations"."version" FROM "schema_migrations" ORDER BY "schema_migrations"."version" ASC[0m
  [1m[35m (0.1ms)[0m  [1m[35mBEGIN[0m
  [1m[36mCharacter Create (0.7ms)[0m  [1m[32mINSERT INTO "characters" ("name", "health", "img_url", "created_at", "updated_at") VALUES ($1, $2, $3, $4, $5) RETURNING "id"[0m  [["name", "Character #1"], ["health", 100], ["img_url", "https://vignette.wikia.nocookie.net/despicableme/images/1/1d/Kevin_minions.png/revision/latest/top-crop/width/360/height/450?cb=20170703052012"], ["created_at", "2020-07-27 20:17:48.729195"], ["updated_at", "2020-07-27 20:17:48.729195"]]
  [1m[35m (0.3ms)[0m  [1m[35mCOMMIT[0m
  [1m[35m (0.1ms)[0m  [1m[35mBEGIN[0m
  [1m[36mCharacter Load (0.3ms)[0m  [1m[34mSELECT "characters".* FROM "characters" WHERE "characters"."id" = $1 LIMIT $2[0m  [["id", 1], ["LIMIT", 1]]
  [1m[36mInventory Create (3.7ms)[0m  [1m[32mINSERT INTO "inventories" ("character_id", "created_at", "updated_at") VALUES ($1, $2, $3) RETURNING "id"[0m  [["character_id", 1], ["created_at", "2020-07-27 20:17:48.760169"], ["updated_at", "2020-07-27 20:17:48.760169"]]
  [1m[35m (0.2ms)[0m  [1m[35mCOMMIT[0m
  [1m[35m (0.5ms)[0m  [1m[34mSELECT "schema_migrations"."version" FROM "schema_migrations" ORDER BY "schema_migrations"."version" ASC[0m
  [1m[35m (0.1ms)[0m  [1m[35mBEGIN[0m
  [1m[36mCharacter Create (0.3ms)[0m  [1m[32mINSERT INTO "characters" ("name", "health", "img_url", "created_at", "updated_at") VALUES ($1, $2, $3, $4, $5) RETURNING "id"[0m  [["name", "Character #1"], ["health", 100], ["img_url", "https://vignette.wikia.nocookie.net/despicableme/images/1/1d/Kevin_minions.png/revision/latest/top-crop/width/360/height/450?cb=20170703052012"], ["created_at", "2020-07-27 20:18:24.365062"], ["updated_at", "2020-07-27 20:18:24.365062"]]
  [1m[35m (0.3ms)[0m  [1m[35mCOMMIT[0m
  [1m[35m (0.1ms)[0m  [1m[35mBEGIN[0m
  [1m[36mCharacter Load (0.2ms)[0m  [1m[34mSELECT "characters".* FROM "characters" WHERE "characters"."id" = $1 LIMIT $2[0m  [["id", 2], ["LIMIT", 1]]
  [1m[36mInventory Create (0.2ms)[0m  [1m[32mINSERT INTO "inventories" ("character_id", "created_at", "updated_at") VALUES ($1, $2, $3) RETURNING "id"[0m  [["character_id", 2], ["created_at", "2020-07-27 20:18:24.380193"], ["updated_at", "2020-07-27 20:18:24.380193"]]
  [1m[35m (3.5ms)[0m  [1m[35mCOMMIT[0m
  [1m[35m (0.1ms)[0m  [1m[35mBEGIN[0m
  [1m[36mAdvancedItem Create (0.7ms)[0m  [1m[32mINSERT INTO "advanced_items" ("name", "inventory_id", "created_at", "updated_at") VALUES ($1, $2, $3, $4) RETURNING "id"[0m  [["name", "fishing pole"], ["inventory_id", 2], ["created_at", "2020-07-27 20:18:24.396283"], ["updated_at", "2020-07-27 20:18:24.396283"]]
  [1m[35m (0.2ms)[0m  [1m[35mCOMMIT[0m
  [1m[35m (0.1ms)[0m  [1m[35mBEGIN[0m
  [1m[36mAdvancedItem Load (0.1ms)[0m  [1m[34mSELECT "advanced_items".* FROM "advanced_items" WHERE "advanced_items"."id" = $1 LIMIT $2[0m  [["id", 1], ["LIMIT", 1]]
  [1m[36mRecipe Create (1.0ms)[0m  [1m[32mINSERT INTO "recipes" ("name", "advanced_item_id", "created_at", "updated_at") VALUES ($1, $2, $3, $4) RETURNING "id"[0m  [["name", "fishing pole"], ["advanced_item_id", 1], ["created_at", "2020-07-27 20:18:24.408438"], ["updated_at", "2020-07-27 20:18:24.408438"]]
  [1m[35m (0.1ms)[0m  [1m[35mCOMMIT[0m
  [1m[35m (0.4ms)[0m  [1m[34mSELECT "schema_migrations"."version" FROM "schema_migrations" ORDER BY "schema_migrations"."version" ASC[0m
  [1m[35m (0.1ms)[0m  [1m[35mBEGIN[0m
  [1m[36mCharacter Create (0.3ms)[0m  [1m[32mINSERT INTO "characters" ("name", "health", "img_url", "created_at", "updated_at") VALUES ($1, $2, $3, $4, $5) RETURNING "id"[0m  [["name", "Character #1"], ["health", 100], ["img_url", "https://vignette.wikia.nocookie.net/despicableme/images/1/1d/Kevin_minions.png/revision/latest/top-crop/width/360/height/450?cb=20170703052012"], ["created_at", "2020-07-27 20:21:49.516718"], ["updated_at", "2020-07-27 20:21:49.516718"]]
  [1m[35m (0.3ms)[0m  [1m[35mCOMMIT[0m
  [1m[35m (0.1ms)[0m  [1m[35mBEGIN[0m
  [1m[36mCharacter Load (0.2ms)[0m  [1m[34mSELECT "characters".* FROM "characters" WHERE "characters"."id" = $1 LIMIT $2[0m  [["id", 3], ["LIMIT", 1]]
  [1m[36mInventory Create (0.2ms)[0m  [1m[32mINSERT INTO "inventories" ("character_id", "created_at", "updated_at") VALUES ($1, $2, $3) RETURNING "id"[0m  [["character_id", 3], ["created_at", "2020-07-27 20:21:49.532839"], ["updated_at", "2020-07-27 20:21:49.532839"]]
  [1m[35m (3.7ms)[0m  [1m[35mCOMMIT[0m
  [1m[35m (0.1ms)[0m  [1m[35mBEGIN[0m
  [1m[36mAdvancedItem Create (0.2ms)[0m  [1m[32mINSERT INTO "advanced_items" ("name", "inventory_id", "created_at", "updated_at") VALUES ($1, $2, $3, $4) RETURNING "id"[0m  [["name", "fishing pole"], ["inventory_id", 3], ["created_at", "2020-07-27 20:21:49.545401"], ["updated_at", "2020-07-27 20:21:49.545401"]]
  [1m[35m (0.3ms)[0m  [1m[35mCOMMIT[0m
  [1m[35m (0.1ms)[0m  [1m[35mBEGIN[0m
  [1m[36mAdvancedItem Load (0.2ms)[0m  [1m[34mSELECT "advanced_items".* FROM "advanced_items" WHERE "advanced_items"."id" = $1 LIMIT $2[0m  [["id", 2], ["LIMIT", 1]]
  [1m[36mRecipe Create (0.2ms)[0m  [1m[32mINSERT INTO "recipes" ("name", "advanced_item_id", "created_at", "updated_at") VALUES ($1, $2, $3, $4) RETURNING "id"[0m  [["name", "fishing pole"], ["advanced_item_id", 2], ["created_at", "2020-07-27 20:21:49.557519"], ["updated_at", "2020-07-27 20:21:49.557519"]]
  [1m[35m (0.4ms)[0m  [1m[35mCOMMIT[0m
  [1m[35m (0.7ms)[0m  [1m[34mSELECT "schema_migrations"."version" FROM "schema_migrations" ORDER BY "schema_migrations"."version" ASC[0m
  [1m[35m (0.3ms)[0m  [1m[34mSELECT "schema_migrations"."version" FROM "schema_migrations" ORDER BY "schema_migrations"."version" ASC[0m
  [1m[35m (0.1ms)[0m  [1m[35mBEGIN[0m
  [1m[36mCharacter Create (0.4ms)[0m  [1m[32mINSERT INTO "characters" ("name", "health", "img_url", "created_at", "updated_at") VALUES ($1, $2, $3, $4, $5) RETURNING "id"[0m  [["name", "Character #1"], ["health", 100], ["img_url", "https://vignette.wikia.nocookie.net/despicableme/images/1/1d/Kevin_minions.png/revision/latest/top-crop/width/360/height/450?cb=20170703052012"], ["created_at", "2020-07-27 20:22:04.874428"], ["updated_at", "2020-07-27 20:22:04.874428"]]
  [1m[35m (0.7ms)[0m  [1m[35mCOMMIT[0m
  [1m[35m (0.1ms)[0m  [1m[35mBEGIN[0m
  [1m[36mCharacter Load (0.2ms)[0m  [1m[34mSELECT "characters".* FROM "characters" WHERE "characters"."id" = $1 LIMIT $2[0m  [["id", 4], ["LIMIT", 1]]
  [1m[36mInventory Create (0.2ms)[0m  [1m[32mINSERT INTO "inventories" ("character_id", "created_at", "updated_at") VALUES ($1, $2, $3) RETURNING "id"[0m  [["character_id", 4], ["created_at", "2020-07-27 20:22:04.888164"], ["updated_at", "2020-07-27 20:22:04.888164"]]
  [1m[35m (0.2ms)[0m  [1m[35mCOMMIT[0m
  [1m[35m (0.1ms)[0m  [1m[35mBEGIN[0m
  [1m[36mAdvancedItem Create (0.2ms)[0m  [1m[32mINSERT INTO "advanced_items" ("name", "inventory_id", "created_at", "updated_at") VALUES ($1, $2, $3, $4) RETURNING "id"[0m  [["name", "fishing pole"], ["inventory_id", 4], ["created_at", "2020-07-27 20:22:04.897047"], ["updated_at", "2020-07-27 20:22:04.897047"]]
  [1m[35m (0.3ms)[0m  [1m[35mCOMMIT[0m
  [1m[35m (0.1ms)[0m  [1m[35mBEGIN[0m
  [1m[36mAdvancedItem Load (0.2ms)[0m  [1m[34mSELECT "advanced_items".* FROM "advanced_items" WHERE "advanced_items"."id" = $1 LIMIT $2[0m  [["id", 3], ["LIMIT", 1]]
  [1m[36mRecipe Create (0.2ms)[0m  [1m[32mINSERT INTO "recipes" ("name", "advanced_item_id", "created_at", "updated_at") VALUES ($1, $2, $3, $4) RETURNING "id"[0m  [["name", "fishing pole"], ["advanced_item_id", 3], ["created_at", "2020-07-27 20:22:04.907274"], ["updated_at", "2020-07-27 20:22:04.907274"]]
  [1m[35m (0.3ms)[0m  [1m[35mCOMMIT[0m
  [1m[35m (0.3ms)[0m  [1m[34mSELECT "schema_migrations"."version" FROM "schema_migrations" ORDER BY "schema_migrations"."version" ASC[0m
  [1m[35m (0.1ms)[0m  [1m[34mSELECT "schema_migrations"."version" FROM "schema_migrations" ORDER BY "schema_migrations"."version" ASC[0m
  [1m[35m (0.2ms)[0m  [1m[34mSELECT "schema_migrations"."version" FROM "schema_migrations" ORDER BY "schema_migrations"."version" ASC[0m
  [1m[35m (0.1ms)[0m  [1m[34mSELECT pg_try_advisory_lock(1161984572154005670)[0m
  [1m[35m (0.1ms)[0m  [1m[34mSELECT "schema_migrations"."version" FROM "schema_migrations" ORDER BY "schema_migrations"."version" ASC[0m
Migrating to CreateAdvancedItems (20200727193951)
  [1m[35m (0.1ms)[0m  [1m[35mBEGIN[0m
  [1m[35m (0.8ms)[0m  [1m[35mDROP TABLE "advanced_items"[0m
  [1m[36mprimary::SchemaMigration Destroy (0.2ms)[0m  [1m[31mDELETE FROM "schema_migrations" WHERE "schema_migrations"."version" = $1[0m  [["version", "20200727193951"]]
  [1m[35m (1.0ms)[0m  [1m[35mCOMMIT[0m
Migrating to CreateRecipes (20200727193927)
  [1m[35m (0.3ms)[0m  [1m[35mBEGIN[0m
  [1m[35m (0.7ms)[0m  [1m[35mDROP TABLE "recipes"[0m
  [1m[36mprimary::SchemaMigration Destroy (0.4ms)[0m  [1m[31mDELETE FROM "schema_migrations" WHERE "schema_migrations"."version" = $1[0m  [["version", "20200727193927"]]
  [1m[35m (0.7ms)[0m  [1m[35mCOMMIT[0m
Migrating to CreateItems (20200727193919)
  [1m[35m (0.1ms)[0m  [1m[35mBEGIN[0m
  [1m[35m (0.5ms)[0m  [1m[35mDROP TABLE "items"[0m
  [1m[36mprimary::SchemaMigration Destroy (0.3ms)[0m  [1m[31mDELETE FROM "schema_migrations" WHERE "schema_migrations"."version" = $1[0m  [["version", "20200727193919"]]
  [1m[35m (2.3ms)[0m  [1m[35mCOMMIT[0m
Migrating to CreateInventories (20200727193912)
  [1m[35m (0.1ms)[0m  [1m[35mBEGIN[0m
  [1m[35m (0.4ms)[0m  [1m[35mDROP TABLE "inventories"[0m
  [1m[36mprimary::SchemaMigration Destroy (0.1ms)[0m  [1m[31mDELETE FROM "schema_migrations" WHERE "schema_migrations"."version" = $1[0m  [["version", "20200727193912"]]
  [1m[35m (2.5ms)[0m  [1m[35mCOMMIT[0m
Migrating to CreateCharacters (20200727193859)
  [1m[35m (0.1ms)[0m  [1m[35mBEGIN[0m
  [1m[35m (0.4ms)[0m  [1m[35mDROP TABLE "characters"[0m
  [1m[36mprimary::SchemaMigration Destroy (0.1ms)[0m  [1m[31mDELETE FROM "schema_migrations" WHERE "schema_migrations"."version" = $1[0m  [["version", "20200727193859"]]
  [1m[35m (3.6ms)[0m  [1m[35mCOMMIT[0m
  [1m[35m (0.2ms)[0m  [1m[34mSELECT pg_advisory_unlock(1161984572154005670)[0m
  [1m[35m (0.3ms)[0m  [1m[34mSELECT "schema_migrations"."version" FROM "schema_migrations" ORDER BY "schema_migrations"."version" ASC[0m
  [1m[35m (0.1ms)[0m  [1m[34mSELECT pg_try_advisory_lock(1161984572154005670)[0m
  [1m[35m (0.6ms)[0m  [1m[34mSELECT "schema_migrations"."version" FROM "schema_migrations" ORDER BY "schema_migrations"."version" ASC[0m
Migrating to CreateCharacters (20200727193859)
  [1m[35m (0.1ms)[0m  [1m[35mBEGIN[0m
  [1m[35m (3.4ms)[0m  [1m[35mCREATE TABLE "characters" ("id" bigserial primary key, "name" character varying, "health" integer, "img_url" character varying, "created_at" timestamp(6) NOT NULL, "updated_at" timestamp(6) NOT NULL)[0m
  [1m[36mprimary::SchemaMigration Create (0.3ms)[0m  [1m[32mINSERT INTO "schema_migrations" ("version") VALUES ($1) RETURNING "version"[0m  [["version", "20200727193859"]]
  [1m[35m (0.6ms)[0m  [1m[35mCOMMIT[0m
Migrating to CreateInventories (20200727193912)
  [1m[35m (0.3ms)[0m  [1m[35mBEGIN[0m
  [1m[35m (2.9ms)[0m  [1m[35mCREATE TABLE "inventories" ("id" bigserial primary key, "character_id" integer, "created_at" timestamp(6) NOT NULL, "updated_at" timestamp(6) NOT NULL)[0m
  [1m[36mprimary::SchemaMigration Create (0.3ms)[0m  [1m[32mINSERT INTO "schema_migrations" ("version") VALUES ($1) RETURNING "version"[0m  [["version", "20200727193912"]]
  [1m[35m (0.3ms)[0m  [1m[35mCOMMIT[0m
Migrating to CreateItems (20200727193919)
  [1m[35m (0.3ms)[0m  [1m[35mBEGIN[0m
  [1m[35m (1.8ms)[0m  [1m[35mCREATE TABLE "items" ("id" bigserial primary key, "name" character varying, "img_url" character varying, "damage" integer, "recipe_id" integer, "inventory_id" integer, "created_at" timestamp(6) NOT NULL, "updated_at" timestamp(6) NOT NULL)[0m
  [1m[36mprimary::SchemaMigration Create (0.2ms)[0m  [1m[32mINSERT INTO "schema_migrations" ("version") VALUES ($1) RETURNING "version"[0m  [["version", "20200727193919"]]
  [1m[35m (0.5ms)[0m  [1m[35mCOMMIT[0m
Migrating to CreateRecipes (20200727193927)
  [1m[35m (0.7ms)[0m  [1m[35mBEGIN[0m
  [1m[35m (2.2ms)[0m  [1m[35mCREATE TABLE "recipes" ("id" bigserial primary key, "name" character varying, "advanced_item_id" integer, "created_at" timestamp(6) NOT NULL, "updated_at" timestamp(6) NOT NULL)[0m
  [1m[36mprimary::SchemaMigration Create (0.7ms)[0m  [1m[32mINSERT INTO "schema_migrations" ("version") VALUES ($1) RETURNING "version"[0m  [["version", "20200727193927"]]
  [1m[35m (0.6ms)[0m  [1m[35mCOMMIT[0m
Migrating to CreateAdvancedItems (20200727193951)
  [1m[35m (0.4ms)[0m  [1m[35mBEGIN[0m
  [1m[35m (2.7ms)[0m  [1m[35mCREATE TABLE "advanced_items" ("id" bigserial primary key, "name" character varying, "recipe_id" integer, "img_url" character varying, "inventory_id" integer, "created_at" timestamp(6) NOT NULL, "updated_at" timestamp(6) NOT NULL)[0m
  [1m[36mprimary::SchemaMigration Create (0.5ms)[0m  [1m[32mINSERT INTO "schema_migrations" ("version") VALUES ($1) RETURNING "version"[0m  [["version", "20200727193951"]]
  [1m[35m (0.4ms)[0m  [1m[35mCOMMIT[0m
  [1m[36mActiveRecord::InternalMetadata Load (0.4ms)[0m  [1m[34mSELECT "ar_internal_metadata".* FROM "ar_internal_metadata" WHERE "ar_internal_metadata"."key" = $1 LIMIT $2[0m  [["key", "environment"], ["LIMIT", 1]]
  [1m[35m (1.5ms)[0m  [1m[34mSELECT pg_advisory_unlock(1161984572154005670)[0m
  [1m[35m (0.5ms)[0m  [1m[34mSELECT "schema_migrations"."version" FROM "schema_migrations" ORDER BY "schema_migrations"."version" ASC[0m
  [1m[35m (0.3ms)[0m  [1m[34mSELECT "schema_migrations"."version" FROM "schema_migrations" ORDER BY "schema_migrations"."version" ASC[0m
  [1m[35m (0.1ms)[0m  [1m[35mBEGIN[0m
  [1m[36mCharacter Create (0.5ms)[0m  [1m[32mINSERT INTO "characters" ("name", "health", "img_url", "created_at", "updated_at") VALUES ($1, $2, $3, $4, $5) RETURNING "id"[0m  [["name", "Character #1"], ["health", 100], ["img_url", "https://vignette.wikia.nocookie.net/despicableme/images/1/1d/Kevin_minions.png/revision/latest/top-crop/width/360/height/450?cb=20170703052012"], ["created_at", "2020-07-27 20:22:32.045120"], ["updated_at", "2020-07-27 20:22:32.045120"]]
  [1m[35m (0.5ms)[0m  [1m[35mCOMMIT[0m
  [1m[35m (0.1ms)[0m  [1m[35mBEGIN[0m
  [1m[36mCharacter Load (0.2ms)[0m  [1m[34mSELECT "characters".* FROM "characters" WHERE "characters"."id" = $1 LIMIT $2[0m  [["id", 1], ["LIMIT", 1]]
  [1m[36mInventory Create (0.3ms)[0m  [1m[32mINSERT INTO "inventories" ("character_id", "created_at", "updated_at") VALUES ($1, $2, $3) RETURNING "id"[0m  [["character_id", 1], ["created_at", "2020-07-27 20:22:32.059231"], ["updated_at", "2020-07-27 20:22:32.059231"]]
  [1m[35m (0.2ms)[0m  [1m[35mCOMMIT[0m
  [1m[35m (0.1ms)[0m  [1m[35mBEGIN[0m
  [1m[36mAdvancedItem Create (0.4ms)[0m  [1m[32mINSERT INTO "advanced_items" ("name", "inventory_id", "created_at", "updated_at") VALUES ($1, $2, $3, $4) RETURNING "id"[0m  [["name", "fishing pole"], ["inventory_id", 1], ["created_at", "2020-07-27 20:22:32.067613"], ["updated_at", "2020-07-27 20:22:32.067613"]]
  [1m[35m (0.3ms)[0m  [1m[35mCOMMIT[0m
  [1m[35m (0.2ms)[0m  [1m[35mBEGIN[0m
  [1m[36mAdvancedItem Load (0.2ms)[0m  [1m[34mSELECT "advanced_items".* FROM "advanced_items" WHERE "advanced_items"."id" = $1 LIMIT $2[0m  [["id", 1], ["LIMIT", 1]]
  [1m[36mRecipe Create (0.5ms)[0m  [1m[32mINSERT INTO "recipes" ("name", "advanced_item_id", "created_at", "updated_at") VALUES ($1, $2, $3, $4) RETURNING "id"[0m  [["name", "fishing pole"], ["advanced_item_id", 1], ["created_at", "2020-07-27 20:22:32.077993"], ["updated_at", "2020-07-27 20:22:32.077993"]]
  [1m[35m (0.3ms)[0m  [1m[35mCOMMIT[0m
  [1m[35m (0.4ms)[0m  [1m[34mSELECT "schema_migrations"."version" FROM "schema_migrations" ORDER BY "schema_migrations"."version" ASC[0m
  [1m[35m (0.1ms)[0m  [1m[35mBEGIN[0m
  [1m[36mCharacter Create (0.4ms)[0m  [1m[32mINSERT INTO "characters" ("name", "health", "img_url", "created_at", "updated_at") VALUES ($1, $2, $3, $4, $5) RETURNING "id"[0m  [["name", "Character #1"], ["health", 100], ["img_url", "https://vignette.wikia.nocookie.net/despicableme/images/1/1d/Kevin_minions.png/revision/latest/top-crop/width/360/height/450?cb=20170703052012"], ["created_at", "2020-07-27 20:23:59.938404"], ["updated_at", "2020-07-27 20:23:59.938404"]]
  [1m[35m (0.3ms)[0m  [1m[35mCOMMIT[0m
  [1m[35m (0.2ms)[0m  [1m[35mBEGIN[0m
  [1m[36mCharacter Load (0.2ms)[0m  [1m[34mSELECT "characters".* FROM "characters" WHERE "characters"."id" = $1 LIMIT $2[0m  [["id", 2], ["LIMIT", 1]]
  [1m[36mInventory Create (0.2ms)[0m  [1m[32mINSERT INTO "inventories" ("character_id", "created_at", "updated_at") VALUES ($1, $2, $3) RETURNING "id"[0m  [["character_id", 2], ["created_at", "2020-07-27 20:23:59.955785"], ["updated_at", "2020-07-27 20:23:59.955785"]]
  [1m[35m (3.3ms)[0m  [1m[35mCOMMIT[0m
  [1m[35m (0.1ms)[0m  [1m[35mBEGIN[0m
  [1m[36mAdvancedItem Create (0.3ms)[0m  [1m[32mINSERT INTO "advanced_items" ("name", "inventory_id", "created_at", "updated_at") VALUES ($1, $2, $3, $4) RETURNING "id"[0m  [["name", "fishing pole"], ["inventory_id", 2], ["created_at", "2020-07-27 20:23:59.968113"], ["updated_at", "2020-07-27 20:23:59.968113"]]
  [1m[35m (0.3ms)[0m  [1m[35mCOMMIT[0m
  [1m[35m (0.1ms)[0m  [1m[35mBEGIN[0m
  [1m[36mAdvancedItem Load (0.2ms)[0m  [1m[34mSELECT "advanced_items".* FROM "advanced_items" WHERE "advanced_items"."id" = $1 LIMIT $2[0m  [["id", 2], ["LIMIT", 1]]
  [1m[36mRecipe Create (0.2ms)[0m  [1m[32mINSERT INTO "recipes" ("name", "advanced_item_id", "created_at", "updated_at") VALUES ($1, $2, $3, $4) RETURNING "id"[0m  [["name", "fishing pole"], ["advanced_item_id", 2], ["created_at", "2020-07-27 20:23:59.979015"], ["updated_at", "2020-07-27 20:23:59.979015"]]
  [1m[35m (0.3ms)[0m  [1m[35mCOMMIT[0m
  [1m[35m (0.1ms)[0m  [1m[35mBEGIN[0m
  [1m[36mRecipe Load (0.2ms)[0m  [1m[34mSELECT "recipes".* FROM "recipes" WHERE "recipes"."id" = $1 LIMIT $2[0m  [["id", 2], ["LIMIT", 1]]
  [1m[36mInventory Load (0.2ms)[0m  [1m[34mSELECT "inventories".* FROM "inventories" WHERE "inventories"."id" = $1 LIMIT $2[0m  [["id", 2], ["LIMIT", 1]]
  [1m[36mItem Create (1.6ms)[0m  [1m[32mINSERT INTO "items" ("name", "img_url", "recipe_id", "inventory_id", "created_at", "updated_at") VALUES ($1, $2, $3, $4, $5, $6) RETURNING "id"[0m  [["name", "String"], ["img_url", "https://rb.gy/vcm4sr"], ["recipe_id", 2], ["inventory_id", 2], ["created_at", "2020-07-27 20:23:59.994973"], ["updated_at", "2020-07-27 20:23:59.994973"]]
  [1m[35m (0.4ms)[0m  [1m[35mCOMMIT[0m
  [1m[35m (0.1ms)[0m  [1m[35mBEGIN[0m
  [1m[36mInventory Load (0.4ms)[0m  [1m[34mSELECT "inventories".* FROM "inventories" WHERE "inventories"."id" = $1 LIMIT $2[0m  [["id", 2], ["LIMIT", 1]]
  [1m[35m (0.1ms)[0m  [1m[31mROLLBACK[0m
  [1m[35m (0.0ms)[0m  [1m[35mBEGIN[0m
  [1m[36mInventory Load (0.1ms)[0m  [1m[34mSELECT "inventories".* FROM "inventories" WHERE "inventories"."id" = $1 LIMIT $2[0m  [["id", 2], ["LIMIT", 1]]
  [1m[35m (0.1ms)[0m  [1m[31mROLLBACK[0m
  [1m[36mCharacter Load (0.4ms)[0m  [1m[34mSELECT "characters".* FROM "characters" LIMIT $1[0m  [["LIMIT", 11]]
  [1m[36mItem Load (0.4ms)[0m  [1m[34mSELECT "items".* FROM "items" LIMIT $1[0m  [["LIMIT", 11]]
  [1m[36mItem Load (0.3ms)[0m  [1m[34mSELECT "items".* FROM "items" LIMIT $1[0m  [["LIMIT", 11]]
  [1m[35m (0.3ms)[0m  [1m[34mSELECT "schema_migrations"."version" FROM "schema_migrations" ORDER BY "schema_migrations"."version" ASC[0m
  [1m[35m (0.1ms)[0m  [1m[35mBEGIN[0m
  [1m[36mCharacter Create (0.3ms)[0m  [1m[32mINSERT INTO "characters" ("name", "health", "img_url", "created_at", "updated_at") VALUES ($1, $2, $3, $4, $5) RETURNING "id"[0m  [["name", "Character #1"], ["health", 100], ["img_url", "https://vignette.wikia.nocookie.net/despicableme/images/1/1d/Kevin_minions.png/revision/latest/top-crop/width/360/height/450?cb=20170703052012"], ["created_at", "2020-07-27 20:25:21.496516"], ["updated_at", "2020-07-27 20:25:21.496516"]]
  [1m[35m (0.3ms)[0m  [1m[35mCOMMIT[0m
  [1m[35m (0.1ms)[0m  [1m[35mBEGIN[0m
  [1m[36mCharacter Load (0.3ms)[0m  [1m[34mSELECT "characters".* FROM "characters" WHERE "characters"."id" = $1 LIMIT $2[0m  [["id", 3], ["LIMIT", 1]]
  [1m[36mInventory Create (0.3ms)[0m  [1m[32mINSERT INTO "inventories" ("character_id", "created_at", "updated_at") VALUES ($1, $2, $3) RETURNING "id"[0m  [["character_id", 3], ["created_at", "2020-07-27 20:25:21.514134"], ["updated_at", "2020-07-27 20:25:21.514134"]]
  [1m[35m (2.5ms)[0m  [1m[35mCOMMIT[0m
  [1m[35m (0.1ms)[0m  [1m[35mBEGIN[0m
  [1m[36mAdvancedItem Create (0.3ms)[0m  [1m[32mINSERT INTO "advanced_items" ("name", "inventory_id", "created_at", "updated_at") VALUES ($1, $2, $3, $4) RETURNING "id"[0m  [["name", "fishing pole"], ["inventory_id", 3], ["created_at", "2020-07-27 20:25:21.526072"], ["updated_at", "2020-07-27 20:25:21.526072"]]
  [1m[35m (0.3ms)[0m  [1m[35mCOMMIT[0m
  [1m[35m (0.1ms)[0m  [1m[35mBEGIN[0m
  [1m[36mAdvancedItem Load (0.2ms)[0m  [1m[34mSELECT "advanced_items".* FROM "advanced_items" WHERE "advanced_items"."id" = $1 LIMIT $2[0m  [["id", 3], ["LIMIT", 1]]
  [1m[36mRecipe Create (0.2ms)[0m  [1m[32mINSERT INTO "recipes" ("name", "advanced_item_id", "created_at", "updated_at") VALUES ($1, $2, $3, $4) RETURNING "id"[0m  [["name", "fishing pole"], ["advanced_item_id", 3], ["created_at", "2020-07-27 20:25:21.537816"], ["updated_at", "2020-07-27 20:25:21.537816"]]
  [1m[35m (0.3ms)[0m  [1m[35mCOMMIT[0m
  [1m[35m (0.1ms)[0m  [1m[35mBEGIN[0m
  [1m[36mRecipe Load (0.2ms)[0m  [1m[34mSELECT "recipes".* FROM "recipes" WHERE "recipes"."id" = $1 LIMIT $2[0m  [["id", 3], ["LIMIT", 1]]
  [1m[36mInventory Load (0.1ms)[0m  [1m[34mSELECT "inventories".* FROM "inventories" WHERE "inventories"."id" = $1 LIMIT $2[0m  [["id", 3], ["LIMIT", 1]]
  [1m[36mItem Create (0.2ms)[0m  [1m[32mINSERT INTO "items" ("name", "img_url", "recipe_id", "inventory_id", "created_at", "updated_at") VALUES ($1, $2, $3, $4, $5, $6) RETURNING "id"[0m  [["name", "String"], ["img_url", "https://rb.gy/vcm4sr"], ["recipe_id", 3], ["inventory_id", 3], ["created_at", "2020-07-27 20:25:21.550424"], ["updated_at", "2020-07-27 20:25:21.550424"]]
  [1m[35m (0.3ms)[0m  [1m[35mCOMMIT[0m
  [1m[35m (0.1ms)[0m  [1m[35mBEGIN[0m
  [1m[36mRecipe Load (0.1ms)[0m  [1m[34mSELECT "recipes".* FROM "recipes" WHERE "recipes"."id" = $1 LIMIT $2[0m  [["id", 3], ["LIMIT", 1]]
  [1m[36mInventory Load (0.1ms)[0m  [1m[34mSELECT "inventories".* FROM "inventories" WHERE "inventories"."id" = $1 LIMIT $2[0m  [["id", 3], ["LIMIT", 1]]
  [1m[36mItem Create (0.2ms)[0m  [1m[32mINSERT INTO "items" ("name", "img_url", "recipe_id", "inventory_id", "created_at", "updated_at") VALUES ($1, $2, $3, $4, $5, $6) RETURNING "id"[0m  [["name", "Stick"], ["img_url", "https://rb.gy/vcm4sr"], ["recipe_id", 3], ["inventory_id", 3], ["created_at", "2020-07-27 20:25:21.554678"], ["updated_at", "2020-07-27 20:25:21.554678"]]
  [1m[35m (0.3ms)[0m  [1m[35mCOMMIT[0m
  [1m[35m (0.1ms)[0m  [1m[35mBEGIN[0m
  [1m[36mRecipe Load (0.1ms)[0m  [1m[34mSELECT "recipes".* FROM "recipes" WHERE "recipes"."id" = $1 LIMIT $2[0m  [["id", 3], ["LIMIT", 1]]
  [1m[36mInventory Load (0.1ms)[0m  [1m[34mSELECT "inventories".* FROM "inventories" WHERE "inventories"."id" = $1 LIMIT $2[0m  [["id", 3], ["LIMIT", 1]]
  [1m[36mItem Create (0.1ms)[0m  [1m[32mINSERT INTO "items" ("name", "img_url", "recipe_id", "inventory_id", "created_at", "updated_at") VALUES ($1, $2, $3, $4, $5, $6) RETURNING "id"[0m  [["name", "Hammer"], ["img_url", "https://rb.gy/vcm4sr"], ["recipe_id", 3], ["inventory_id", 3], ["created_at", "2020-07-27 20:25:21.558761"], ["updated_at", "2020-07-27 20:25:21.558761"]]
  [1m[35m (0.3ms)[0m  [1m[35mCOMMIT[0m
  [1m[36mItem Load (0.2ms)[0m  [1m[34mSELECT "items".* FROM "items" LIMIT $1[0m  [["LIMIT", 11]]
  [1m[35m (0.4ms)[0m  [1m[34mSELECT "schema_migrations"."version" FROM "schema_migrations" ORDER BY "schema_migrations"."version" ASC[0m
  [1m[36mItem Destroy (0.7ms)[0m  [1m[31mDELETE FROM "items"[0m
  [1m[36mInventory Destroy (0.3ms)[0m  [1m[31mDELETE FROM "inventories"[0m
  [1m[36mCharacter Destroy (0.3ms)[0m  [1m[31mDELETE FROM "characters"[0m
  [1m[36mAdvancedItem Destroy (0.3ms)[0m  [1m[31mDELETE FROM "advanced_items"[0m
  [1m[36mRecipe Destroy (0.4ms)[0m  [1m[31mDELETE FROM "recipes"[0m
  [1m[35m (0.1ms)[0m  [1m[35mBEGIN[0m
  [1m[36mCharacter Create (0.2ms)[0m  [1m[32mINSERT INTO "characters" ("name", "health", "img_url", "created_at", "updated_at") VALUES ($1, $2, $3, $4, $5) RETURNING "id"[0m  [["name", "Character #1"], ["health", 100], ["img_url", "https://vignette.wikia.nocookie.net/despicableme/images/1/1d/Kevin_minions.png/revision/latest/top-crop/width/360/height/450?cb=20170703052012"], ["created_at", "2020-07-27 20:26:03.060090"], ["updated_at", "2020-07-27 20:26:03.060090"]]
  [1m[35m (1.3ms)[0m  [1m[35mCOMMIT[0m
  [1m[35m (0.1ms)[0m  [1m[35mBEGIN[0m
  [1m[36mCharacter Load (0.1ms)[0m  [1m[34mSELECT "characters".* FROM "characters" WHERE "characters"."id" = $1 LIMIT $2[0m  [["id", 4], ["LIMIT", 1]]
  [1m[36mInventory Create (0.2ms)[0m  [1m[32mINSERT INTO "inventories" ("character_id", "created_at", "updated_at") VALUES ($1, $2, $3) RETURNING "id"[0m  [["character_id", 4], ["created_at", "2020-07-27 20:26:03.072631"], ["updated_at", "2020-07-27 20:26:03.072631"]]
  [1m[35m (2.2ms)[0m  [1m[35mCOMMIT[0m
  [1m[35m (0.1ms)[0m  [1m[35mBEGIN[0m
  [1m[36mAdvancedItem Create (0.3ms)[0m  [1m[32mINSERT INTO "advanced_items" ("name", "inventory_id", "created_at", "updated_at") VALUES ($1, $2, $3, $4) RETURNING "id"[0m  [["name", "fishing pole"], ["inventory_id", 4], ["created_at", "2020-07-27 20:26:03.082218"], ["updated_at", "2020-07-27 20:26:03.082218"]]
  [1m[35m (0.2ms)[0m  [1m[35mCOMMIT[0m
  [1m[35m (0.1ms)[0m  [1m[35mBEGIN[0m
  [1m[36mAdvancedItem Load (0.4ms)[0m  [1m[34mSELECT "advanced_items".* FROM "advanced_items" WHERE "advanced_items"."id" = $1 LIMIT $2[0m  [["id", 4], ["LIMIT", 1]]
  [1m[36mRecipe Create (0.5ms)[0m  [1m[32mINSERT INTO "recipes" ("name", "advanced_item_id", "created_at", "updated_at") VALUES ($1, $2, $3, $4) RETURNING "id"[0m  [["name", "fishing pole"], ["advanced_item_id", 4], ["created_at", "2020-07-27 20:26:03.091010"], ["updated_at", "2020-07-27 20:26:03.091010"]]
  [1m[35m (0.3ms)[0m  [1m[35mCOMMIT[0m
  [1m[35m (0.1ms)[0m  [1m[35mBEGIN[0m
  [1m[36mRecipe Load (0.1ms)[0m  [1m[34mSELECT "recipes".* FROM "recipes" WHERE "recipes"."id" = $1 LIMIT $2[0m  [["id", 4], ["LIMIT", 1]]
  [1m[36mInventory Load (0.1ms)[0m  [1m[34mSELECT "inventories".* FROM "inventories" WHERE "inventories"."id" = $1 LIMIT $2[0m  [["id", 4], ["LIMIT", 1]]
  [1m[36mItem Create (0.2ms)[0m  [1m[32mINSERT INTO "items" ("name", "img_url", "recipe_id", "inventory_id", "created_at", "updated_at") VALUES ($1, $2, $3, $4, $5, $6) RETURNING "id"[0m  [["name", "String"], ["img_url", "https://rb.gy/vcm4sr"], ["recipe_id", 4], ["inventory_id", 4], ["created_at", "2020-07-27 20:26:03.102318"], ["updated_at", "2020-07-27 20:26:03.102318"]]
  [1m[35m (0.3ms)[0m  [1m[35mCOMMIT[0m
  [1m[35m (0.1ms)[0m  [1m[35mBEGIN[0m
  [1m[36mRecipe Load (0.1ms)[0m  [1m[34mSELECT "recipes".* FROM "recipes" WHERE "recipes"."id" = $1 LIMIT $2[0m  [["id", 4], ["LIMIT", 1]]
  [1m[36mInventory Load (0.2ms)[0m  [1m[34mSELECT "inventories".* FROM "inventories" WHERE "inventories"."id" = $1 LIMIT $2[0m  [["id", 4], ["LIMIT", 1]]
  [1m[36mItem Create (0.1ms)[0m  [1m[32mINSERT INTO "items" ("name", "img_url", "recipe_id", "inventory_id", "created_at", "updated_at") VALUES ($1, $2, $3, $4, $5, $6) RETURNING "id"[0m  [["name", "Stick"], ["img_url", "https://rb.gy/vcm4sr"], ["recipe_id", 4], ["inventory_id", 4], ["created_at", "2020-07-27 20:26:03.106674"], ["updated_at", "2020-07-27 20:26:03.106674"]]
  [1m[35m (0.3ms)[0m  [1m[35mCOMMIT[0m
  [1m[35m (0.1ms)[0m  [1m[35mBEGIN[0m
  [1m[36mRecipe Load (0.1ms)[0m  [1m[34mSELECT "recipes".* FROM "recipes" WHERE "recipes"."id" = $1 LIMIT $2[0m  [["id", 4], ["LIMIT", 1]]
  [1m[36mInventory Load (0.1ms)[0m  [1m[34mSELECT "inventories".* FROM "inventories" WHERE "inventories"."id" = $1 LIMIT $2[0m  [["id", 4], ["LIMIT", 1]]
  [1m[36mItem Create (0.1ms)[0m  [1m[32mINSERT INTO "items" ("name", "img_url", "recipe_id", "inventory_id", "created_at", "updated_at") VALUES ($1, $2, $3, $4, $5, $6) RETURNING "id"[0m  [["name", "Hammer"], ["img_url", "https://rb.gy/vcm4sr"], ["recipe_id", 4], ["inventory_id", 4], ["created_at", "2020-07-27 20:26:03.110820"], ["updated_at", "2020-07-27 20:26:03.110820"]]
  [1m[35m (0.3ms)[0m  [1m[35mCOMMIT[0m
  [1m[35m (2.5ms)[0m  [1m[34mSELECT COUNT(*) FROM "items"[0m
  [1m[36mItem Load (0.1ms)[0m  [1m[34mSELECT "items".* FROM "items" LIMIT $1[0m  [["LIMIT", 11]]
  [1m[36mCharacter Load (0.8ms)[0m  [1m[34mSELECT "characters".* FROM "characters" ORDER BY "characters"."id" ASC LIMIT $1[0m  [["LIMIT", 1]]
  [1m[36mInventory Load (0.2ms)[0m  [1m[34mSELECT "inventories".* FROM "inventories" ORDER BY "inventories"."id" ASC LIMIT $1[0m  [["LIMIT", 1]]
  [1m[36mItem Load (0.2ms)[0m  [1m[34mSELECT "items".* FROM "items" WHERE "items"."inventory_id" = $1 LIMIT $2[0m  [["inventory_id", 4], ["LIMIT", 11]]
  [1m[36mRecipe Load (0.2ms)[0m  [1m[34mSELECT "recipes".* FROM "recipes" LIMIT $1[0m  [["LIMIT", 11]]
  [1m[36mRecipe Load (0.2ms)[0m  [1m[34mSELECT "recipes".* FROM "recipes" ORDER BY "recipes"."id" ASC LIMIT $1[0m  [["LIMIT", 1]]
  [1m[36mItem Load (0.3ms)[0m  [1m[34mSELECT "items".* FROM "items" WHERE "items"."recipe_id" = $1 LIMIT $2[0m  [["recipe_id", 4], ["LIMIT", 11]]
